<?xml version="1.0" encoding="UTF-8"?>
<coverage generated="1728927564109" clover="3.2.0">
  <project timestamp="1728927564109" name="All files">
    <metrics statements="58" coveredstatements="6" conditionals="4" coveredconditionals="0" methods="35" coveredmethods="4" elements="97" coveredelements="10" complexity="0" loc="58" ncloc="58" packages="1" files="11" classes="11"/>
    <file name="MembershipManagement.jsx" path="/Users/himanshubhoraniya/Documents/Book/chapters/chapter-5-v2/src/MembershipManagement.jsx">
      <metrics statements="7" coveredstatements="6" conditionals="0" coveredconditionals="0" methods="5" coveredmethods="4"/>
      <line num="4" count="3" type="stmt"/>
      <line num="5" count="3" type="stmt"/>
      <line num="7" count="3" type="stmt"/>
      <line num="12" count="3" type="stmt"/>
      <line num="16" count="3" type="stmt"/>
      <line num="19" count="1" type="stmt"/>
      <line num="21" count="0" type="stmt"/>
    </file>
    <file name="ProjectComments.jsx" path="/Users/himanshubhoraniya/Documents/Book/chapters/chapter-5-v2/src/ProjectComments.jsx">
      <metrics statements="9" coveredstatements="0" conditionals="2" coveredconditionals="0" methods="4" coveredmethods="0"/>
      <line num="4" count="0" type="stmt"/>
      <line num="5" count="0" type="stmt"/>
      <line num="7" count="0" type="stmt"/>
      <line num="8" count="0" type="cond" truecount="0" falsecount="2"/>
      <line num="9" count="0" type="stmt"/>
      <line num="10" count="0" type="stmt"/>
      <line num="14" count="0" type="stmt"/>
      <line num="19" count="0" type="stmt"/>
      <line num="25" count="0" type="stmt"/>
    </file>
    <file name="ProjectDashboard.jsx" path="/Users/himanshubhoraniya/Documents/Book/chapters/chapter-5-v2/src/ProjectDashboard.jsx">
      <metrics statements="2" coveredstatements="0" conditionals="0" coveredconditionals="0" methods="1" coveredmethods="0"/>
      <line num="4" count="0" type="stmt"/>
      <line num="6" count="0" type="stmt"/>
    </file>
    <file name="ProjectDeletion.jsx" path="/Users/himanshubhoraniya/Documents/Book/chapters/chapter-5-v2/src/ProjectDeletion.jsx">
      <metrics statements="3" coveredstatements="0" conditionals="0" coveredconditionals="0" methods="2" coveredmethods="0"/>
      <line num="4" count="0" type="stmt"/>
      <line num="6" count="0" type="stmt"/>
      <line num="9" count="0" type="stmt"/>
    </file>
    <file name="ProjectDetails.jsx" path="/Users/himanshubhoraniya/Documents/Book/chapters/chapter-5-v2/src/ProjectDetails.jsx">
      <metrics statements="1" coveredstatements="0" conditionals="0" coveredconditionals="0" methods="1" coveredmethods="0"/>
      <line num="4" count="0" type="stmt"/>
    </file>
    <file name="ProjectForm.jsx" path="/Users/himanshubhoraniya/Documents/Book/chapters/chapter-5-v2/src/ProjectForm.jsx">
      <metrics statements="6" coveredstatements="0" conditionals="0" coveredconditionals="0" methods="4" coveredmethods="0"/>
      <line num="4" count="0" type="stmt"/>
      <line num="5" count="0" type="stmt"/>
      <line num="7" count="0" type="stmt"/>
      <line num="11" count="0" type="stmt"/>
      <line num="18" count="0" type="stmt"/>
      <line num="23" count="0" type="stmt"/>
    </file>
    <file name="ProjectList.jsx" path="/Users/himanshubhoraniya/Documents/Book/chapters/chapter-5-v2/src/ProjectList.jsx">
      <metrics statements="7" coveredstatements="0" conditionals="0" coveredconditionals="0" methods="5" coveredmethods="0"/>
      <line num="5" count="0" type="stmt"/>
      <line num="7" count="0" type="stmt"/>
      <line num="9" count="0" type="stmt"/>
      <line num="10" count="0" type="stmt"/>
      <line num="11" count="0" type="stmt"/>
      <line num="14" count="0" type="stmt"/>
      <line num="19" count="0" type="stmt"/>
    </file>
    <file name="ProjectPermissions.jsx" path="/Users/himanshubhoraniya/Documents/Book/chapters/chapter-5-v2/src/ProjectPermissions.jsx">
      <metrics statements="7" coveredstatements="0" conditionals="2" coveredconditionals="0" methods="4" coveredmethods="0"/>
      <line num="4" count="0" type="stmt"/>
      <line num="5" count="0" type="stmt"/>
      <line num="11" count="0" type="stmt"/>
      <line num="13" count="0" type="stmt"/>
      <line num="16" count="0" type="stmt"/>
      <line num="22" count="0" type="stmt"/>
      <line num="27" count="0" type="stmt"/>
    </file>
    <file name="ProjectSearch.jsx" path="/Users/himanshubhoraniya/Documents/Book/chapters/chapter-5-v2/src/ProjectSearch.jsx">
      <metrics statements="5" coveredstatements="0" conditionals="0" coveredconditionals="0" methods="3" coveredmethods="0"/>
      <line num="4" count="0" type="stmt"/>
      <line num="6" count="0" type="stmt"/>
      <line num="8" count="0" type="stmt"/>
      <line num="11" count="0" type="stmt"/>
      <line num="18" count="0" type="stmt"/>
    </file>
    <file name="api.js" path="/Users/himanshubhoraniya/Documents/Book/chapters/chapter-5-v2/src/api.js">
      <metrics statements="8" coveredstatements="0" conditionals="0" coveredconditionals="0" methods="6" coveredmethods="0"/>
      <line num="2" count="0" type="stmt"/>
      <line num="3" count="0" type="stmt"/>
      <line num="4" count="0" type="stmt"/>
      <line num="5" count="0" type="stmt"/>
      <line num="10" count="0" type="stmt"/>
      <line num="11" count="0" type="stmt"/>
      <line num="12" count="0" type="stmt"/>
      <line num="13" count="0" type="stmt"/>
    </file>
    <file name="index.js" path="/Users/himanshubhoraniya/Documents/Book/chapters/chapter-5-v2/src/index.js">
      <metrics statements="3" coveredstatements="0" conditionals="0" coveredconditionals="0" methods="0" coveredmethods="0"/>
      <line num="7" count="0" type="stmt"/>
      <line num="8" count="0" type="stmt"/>
      <line num="17" count="0" type="stmt"/>
    </file>
  </project>
</coverage>
